# JRE version: 7.0_11-b21
# Java VM: Java HotSpot(TM) 64-Bit Server VM (23.6-b04 mixed mode windows-amd64 compressed oops)
Heap
 PSYoungGen      total 65792K, used 53044K [0x00000000fa000000, 0x0000000100000000, 0x0000000100000000)
  eden space 38272K, 79% used [0x00000000fa000000,0x00000000fbd90ff8,0x00000000fc560000)
  from space 27520K, 82% used [0x00000000fe520000,0x00000000ffb5c3e8,0x0000000100000000)
  to   space 30016K, 0% used [0x00000000fc560000,0x00000000fc560000,0x00000000fe2b0000)
 ParOldGen       total 54656K, used 34384K [0x00000000e8000000, 0x00000000eb560000, 0x00000000fa000000)
  object space 54656K, 62% used [0x00000000e8000000,0x00000000ea194120,0x00000000eb560000)
 PSPermGen       total 56064K, used 55961K [0x00000000e0000000, 0x00000000e36c0000, 0x00000000e8000000)
  object space 56064K, 99% used [0x00000000e0000000,0x00000000e36a6688,0x00000000e36c0000)
GC Heap History (10 events):
Event: 3.752 GC heap before
{Heap before GC invocations=15 (full 1):
 PSYoungGen      total 78848K, used 71635K [0x00000000fa000000, 0x0000000100000000, 0x0000000100000000)
  eden space 62400K, 100% used [0x00000000fa000000,0x00000000fdcf0000,0x00000000fdcf0000)
  from space 16448K, 56% used [0x00000000fdcf0000,0x00000000fe5f4d88,0x00000000fed00000)
  to   space 16256K, 0% used [0x00000000ff020000,0x00000000ff020000,0x0000000100000000)
 ParOldGen       total 54656K, used 20846K [0x00000000e8000000, 0x00000000eb560000, 0x00000000fa000000)
  object space 54656K, 38% used [0x00000000e8000000,0x00000000e945b878,0x00000000eb560000)
 PSPermGen       total 52224K, used 44615K [0x00000000e0000000, 0x00000000e3300000, 0x00000000e8000000)
  object space 52224K, 85% used [0x00000000e0000000,0x00000000e2b91f68,0x00000000e3300000)
Event: 3.766 GC heap after
Heap after GC invocations=15 (full 1):
 PSYoungGen      total 81792K, used 10148K [0x00000000fa000000, 0x00000000ffff0000, 0x0000000100000000)
  eden space 65600K, 0% used [0x00000000fa000000,0x00000000fa000000,0x00000000fe010000)
  from space 16192K, 62% used [0x00000000ff020000,0x00000000ffa09300,0x00000000ffff0000)
  to   space 16320K, 0% used [0x00000000fe010000,0x00000000fe010000,0x00000000ff000000)
 ParOldGen       total 54656K, used 20846K [0x00000000e8000000, 0x00000000eb560000, 0x00000000fa000000)
  object space 54656K, 38% used [0x00000000e8000000,0x00000000e945b878,0x00000000eb560000)
 PSPermGen       total 52224K, used 44615K [0x00000000e0000000, 0x00000000e3300000, 0x00000000e8000000)
  object space 52224K, 85% used [0x00000000e0000000,0x00000000e2b91f68,0x00000000e3300000)
}
Event: 5.238 GC heap before
{Heap before GC invocations=16 (full 1):
 PSYoungGen      total 81792K, used 74688K [0x00000000fa000000, 0x00000000ffff0000, 0x0000000100000000)
  eden space 65600K, 98% used [0x00000000fa000000,0x00000000fdf06d10,0x00000000fe010000)
  from space 16192K, 62% used [0x00000000ff020000,0x00000000ffa09300,0x00000000ffff0000)
  to   space 16320K, 0% used [0x00000000fe010000,0x00000000fe010000,0x00000000ff000000)
 ParOldGen       total 54656K, used 20846K [0x00000000e8000000, 0x00000000eb560000, 0x00000000fa000000)
  object space 54656K, 38% used [0x00000000e8000000,0x00000000e945b878,0x00000000eb560000)
 PSPermGen       total 52224K, used 45928K [0x00000000e0000000, 0x00000000e3300000, 0x00000000e8000000)
  object space 52224K, 87% used [0x00000000e0000000,0x00000000e2cda3c8,0x00000000e3300000)
Event: 5.248 GC heap after
Heap after GC invocations=16 (full 1):
 PSYoungGen      total 80192K, used 14538K [0x00000000fa000000, 0x0000000100000000, 0x0000000100000000)
  eden space 65600K, 0% used [0x00000000fa000000,0x00000000fa000000,0x00000000fe010000)
  from space 14592K, 99% used [0x00000000fe010000,0x00000000fee42820,0x00000000fee50000)
  to   space 17984K, 0% used [0x00000000fee70000,0x00000000fee70000,0x0000000100000000)
 ParOldGen       total 54656K, used 20854K [0x00000000e8000000, 0x00000000eb560000, 0x00000000fa000000)
  object space 54656K, 38% used [0x00000000e8000000,0x00000000e945d878,0x00000000eb560000)
 PSPermGen       total 52224K, used 45928K [0x00000000e0000000, 0x00000000e3300000, 0x00000000e8000000)
  object space 52224K, 87% used [0x00000000e0000000,0x00000000e2cda3c8,0x00000000e3300000)
}
Event: 5.973 GC heap before
{Heap before GC invocations=17 (full 1):
 PSYoungGen      total 80192K, used 80138K [0x00000000fa000000, 0x0000000100000000, 0x0000000100000000)
  eden space 65600K, 100% used [0x00000000fa000000,0x00000000fe010000,0x00000000fe010000)
  from space 14592K, 99% used [0x00000000fe010000,0x00000000fee42820,0x00000000fee50000)
  to   space 17984K, 0% used [0x00000000fee70000,0x00000000fee70000,0x0000000100000000)
 ParOldGen       total 54656K, used 20854K [0x00000000e8000000, 0x00000000eb560000, 0x00000000fa000000)
  object space 54656K, 38% used [0x00000000e8000000,0x00000000e945d878,0x00000000eb560000)
 PSPermGen       total 52224K, used 46739K [0x00000000e0000000, 0x00000000e3300000, 0x00000000e8000000)
  object space 52224K, 89% used [0x00000000e0000000,0x00000000e2da4e40,0x00000000e3300000)
Event: 5.985 GC heap after
Heap after GC invocations=17 (full 1):
 PSYoungGen      total 65216K, used 17976K [0x00000000fa000000, 0x0000000100000000, 0x0000000100000000)
  eden space 47232K, 0% used [0x00000000fa000000,0x00000000fa000000,0x00000000fce20000)
  from space 17984K, 99% used [0x00000000fee70000,0x00000000ffffe3e0,0x0000000100000000)
  to   space 25536K, 0% used [0x00000000fce20000,0x00000000fce20000,0x00000000fe710000)
 ParOldGen       total 54656K, used 34376K [0x00000000e8000000, 0x00000000eb560000, 0x00000000fa000000)
  object space 54656K, 62% used [0x00000000e8000000,0x00000000ea192120,0x00000000eb560000)
 PSPermGen       total 52224K, used 46739K [0x00000000e0000000, 0x00000000e3300000, 0x00000000e8000000)
  object space 52224K, 89% used [0x00000000e0000000,0x00000000e2da4e40,0x00000000e3300000)
}
Event: 7.047 GC heap before
{Heap before GC invocations=18 (full 1):
 PSYoungGen      total 65216K, used 65208K [0x00000000fa000000, 0x0000000100000000, 0x0000000100000000)
  eden space 47232K, 100% used [0x00000000fa000000,0x00000000fce20000,0x00000000fce20000)
  from space 17984K, 99% used [0x00000000fee70000,0x00000000ffffe3e0,0x0000000100000000)
  to   space 25536K, 0% used [0x00000000fce20000,0x00000000fce20000,0x00000000fe710000)
 ParOldGen       total 54656K, used 34376K [0x00000000e8000000, 0x00000000eb560000, 0x00000000fa000000)
  object space 54656K, 62% used [0x00000000e8000000,0x00000000ea192120,0x00000000eb560000)
 PSPermGen       total 52224K, used 47806K [0x00000000e0000000, 0x00000000e3300000, 0x00000000e8000000)
  object space 52224K, 91% used [0x00000000e0000000,0x00000000e2eafa00,0x00000000e3300000)
Event: 7.055 GC heap after
Heap after GC invocations=18 (full 1):
 PSYoungGen      total 67392K, used 20097K [0x00000000fa000000, 0x0000000100000000, 0x0000000100000000)
  eden space 47232K, 0% used [0x00000000fa000000,0x00000000fa000000,0x00000000fce20000)
  from space 20160K, 99% used [0x00000000fce20000,0x00000000fe1c0448,0x00000000fe1d0000)
  to   space 27520K, 0% used [0x00000000fe520000,0x00000000fe520000,0x0000000100000000)
 ParOldGen       total 54656K, used 34376K [0x00000000e8000000, 0x00000000eb560000, 0x00000000fa000000)
  object space 54656K, 62% used [0x00000000e8000000,0x00000000ea192120,0x00000000eb560000)
 PSPermGen       total 52224K, used 47806K [0x00000000e0000000, 0x00000000e3300000, 0x00000000e8000000)
  object space 52224K, 91% used [0x00000000e0000000,0x00000000e2eafa00,0x00000000e3300000)
}
Event: 7.260 GC heap before
{Heap before GC invocations=19 (full 1):
 PSYoungGen      total 67392K, used 67329K [0x00000000fa000000, 0x0000000100000000, 0x0000000100000000)
  eden space 47232K, 100% used [0x00000000fa000000,0x00000000fce20000,0x00000000fce20000)
  from space 20160K, 99% used [0x00000000fce20000,0x00000000fe1c0448,0x00000000fe1d0000)
  to   space 27520K, 0% used [0x00000000fe520000,0x00000000fe520000,0x0000000100000000)
 ParOldGen       total 54656K, used 34376K [0x00000000e8000000, 0x00000000eb560000, 0x00000000fa000000)
  object space 54656K, 62% used [0x00000000e8000000,0x00000000ea192120,0x00000000eb560000)
 PSPermGen       total 52224K, used 50991K [0x00000000e0000000, 0x00000000e3300000, 0x00000000e8000000)
  object space 52224K, 97% used [0x00000000e0000000,0x00000000e31cbc90,0x00000000e3300000)
Event: 7.268 GC heap after
Heap after GC invocations=19 (full 1):
 PSYoungGen      total 65792K, used 22768K [0x00000000fa000000, 0x0000000100000000, 0x0000000100000000)
  eden space 38272K, 0% used [0x00000000fa000000,0x00000000fa000000,0x00000000fc560000)
  from space 27520K, 82% used [0x00000000fe520000,0x00000000ffb5c3e8,0x0000000100000000)
  to   space 30016K, 0% used [0x00000000fc560000,0x00000000fc560000,0x00000000fe2b0000)
 ParOldGen       total 54656K, used 34384K [0x00000000e8000000, 0x00000000eb560000, 0x00000000fa000000)
  object space 54656K, 62% used [0x00000000e8000000,0x00000000ea194120,0x00000000eb560000)
 PSPermGen       total 52224K, used 50991K [0x00000000e0000000, 0x00000000e3300000, 0x00000000e8000000)
  object space 52224K, 97% used [0x00000000e0000000,0x00000000e31cbc90,0x00000000e3300000)
}

